[I 05:16:06.206 NotebookApp] Serving notebooks from local directory: /home/ubuntu/yelp/Yelp_Review_Prediction/MS_Project_Spring16
[I 05:16:06.206 NotebookApp] 0 active kernels 
[I 05:16:06.206 NotebookApp] The IPython Notebook is running at: https://[all ip addresses on your system]:8888/
[I 05:16:06.206 NotebookApp] Use Control-C to stop this server and shut down all kernels (twice to skip confirmation).
[I 05:17:00.855 NotebookApp] 302 GET / (67.244.39.156) 0.80ms
[I 05:17:01.040 NotebookApp] 302 GET /tree (67.244.39.156) 0.67ms
[I 05:17:07.195 NotebookApp] 302 POST /login?next=%2Ftree (67.244.39.156) 0.84ms
[I 05:17:12.704 NotebookApp] Writing notebook-signing key to /home/ubuntu/.local/share/jupyter/notebook_secret
[W 05:17:12.706 NotebookApp] Notebook Yelp_1000000_reviews_analysis.ipynb is not trusted
[I 05:17:13.853 NotebookApp] Kernel started: 4276656b-72fa-4c4c-81cd-8e80d98bd4ec
[I 05:19:13.919 NotebookApp] Saving file at /Yelp_1000000_reviews_analysis.ipynb
[I 17:51:27.301 NotebookApp] Saving file at /Yelp_1000000_reviews_analysis.ipynb
[I 17:53:27.076 NotebookApp] Saving file at /Yelp_1000000_reviews_analysis.ipynb
[W 18:28:57.505 NotebookApp] SSL Error on 8 ('202.109.143.27', 2121): [SSL: WRONG_VERSION_NUMBER] wrong version number (_ssl.c:590)
[W 19:56:21.337 NotebookApp] Notebook Yelp_50000_reviews_analysis.ipynb is not trusted
[I 19:56:23.222 NotebookApp] Kernel started: 71e4da01-afa8-4ecd-8a65-ee484aab2dff
[I 19:56:52.798 NotebookApp] Kernel shutdown: 71e4da01-afa8-4ecd-8a65-ee484aab2dff
[I 19:57:28.835 NotebookApp] Saving file at /Yelp_1000000_reviews_analysis.ipynb
[I 19:59:26.891 NotebookApp] Saving file at /Yelp_1000000_reviews_analysis.ipynb
[W 20:01:33.979 NotebookApp] SSL Error on 10 ('162.216.46.13', 41014): [SSL: WRONG_VERSION_NUMBER] wrong version number (_ssl.c:590)
[I 21:31:27.542 NotebookApp] Saving file at /Yelp_1000000_reviews_analysis.ipynb
[I 12:29:09.053 NotebookApp] Serving notebooks from local directory: /home/ubuntu/Yelp_Review_Prediction/MS_Project_Spring16
[I 12:29:09.054 NotebookApp] 0 active kernels 
[I 12:29:09.054 NotebookApp] The IPython Notebook is running at: https://[all ip addresses on your system]:8888/
[I 12:29:09.054 NotebookApp] Use Control-C to stop this server and shut down all kernels (twice to skip confirmation).
[I 12:29:36.692 NotebookApp] 302 GET / (67.244.39.156) 0.78ms
[I 12:29:36.731 NotebookApp] 302 GET /tree (67.244.39.156) 0.81ms
[I 12:29:44.816 NotebookApp] 302 POST /login?next=%2Ftree (67.244.39.156) 0.83ms
[I 12:29:56.782 NotebookApp] Writing notebook-signing key to /home/ubuntu/.local/share/jupyter/notebook_secret
[W 12:29:56.786 NotebookApp] Notebook Yelp_50000_reviews_analysis.ipynb is not trusted
[I 12:29:58.873 NotebookApp] Kernel started: 60563b45-4659-4326-9ee0-a32d69a7b608
[W 12:30:05.850 NotebookApp] Notebook Yelp_1000000_reviews_analysis.ipynb is not trusted
[I 12:30:06.711 NotebookApp] Kernel started: 09b0d4e2-d723-4d66-90cf-354e10acc5e0
[I 12:32:06.885 NotebookApp] Saving file at /Yelp_1000000_reviews_analysis.ipynb
[I 12:34:05.955 NotebookApp] Saving file at /Yelp_1000000_reviews_analysis.ipynb
[I 12:40:06.164 NotebookApp] Saving file at /Yelp_1000000_reviews_analysis.ipynb
[I 12:40:53.067 NotebookApp] Saving file at /Yelp_1000000_reviews_analysis.ipynb
[I 12:41:04.150 NotebookApp] Interrupted...
[I 12:41:04.150 NotebookApp] Shutting down kernels
Unhandled exception in thread started by <bound method ParentPollerUnix.__bootstrap of <ParentPollerUnix(Thread-1, stopped daemon 140372537472768)>>
ERROR - failed to write data to stream:[I 12:41:04.852 NotebookApp] Kernel shutdown: 09b0d4e2-d723-4d66-90cf-354e10acc5e0
[I 12:41:04.853 NotebookApp] Kernel shutdown: 60563b45-4659-4326-9ee0-a32d69a7b608
[I 12:43:00.868 NotebookApp] Serving notebooks from local directory: /home/ubuntu/Yelp_Review_Prediction/MS_Project_Spring16
[I 12:43:00.868 NotebookApp] 0 active kernels 
[I 12:43:00.868 NotebookApp] The IPython Notebook is running at: https://[all ip addresses on your system]:8888/
[I 12:43:00.868 NotebookApp] Use Control-C to stop this server and shut down all kernels (twice to skip confirmation).
[I 12:43:14.753 NotebookApp] Kernel started: 03b7b851-db39-4d31-9184-8708c23cc3c3
[I 12:45:15.054 NotebookApp] Saving file at /Yelp_1000000_reviews_analysis.ipynb
[I 12:45:23.742 NotebookApp] Interrupted...
[I 12:45:23.742 NotebookApp] Shutting down kernels
[I 12:45:24.344 NotebookApp] Kernel shutdown: 03b7b851-db39-4d31-9184-8708c23cc3c3
[I 12:46:34.655 NotebookApp] Serving notebooks from local directory: /home/ubuntu/Yelp_Review_Prediction/MS_Project_Spring16
[I 12:46:34.655 NotebookApp] 0 active kernels 
[I 12:46:34.657 NotebookApp] The IPython Notebook is running at: https://[all ip addresses on your system]:8888/
[I 12:46:34.657 NotebookApp] Use Control-C to stop this server and shut down all kernels (twice to skip confirmation).
[I 12:46:56.639 NotebookApp] Kernel started: 9fac6c3b-3fdd-4242-ac59-f2ea19063b7b
[I 12:48:56.910 NotebookApp] Saving file at /Yelp_1000000_reviews_analysis.ipynb
[I 12:48:59.869 NotebookApp] Interrupted...
[I 12:48:59.870 NotebookApp] Shutting down kernels
[I 12:49:00.471 NotebookApp] Kernel shutdown: 9fac6c3b-3fdd-4242-ac59-f2ea19063b7b
[I 12:49:43.946 NotebookApp] Serving notebooks from local directory: /home/ubuntu/Yelp_Review_Prediction/MS_Project_Spring16
[I 12:49:43.946 NotebookApp] 0 active kernels 
[I 12:49:43.946 NotebookApp] The IPython Notebook is running at: https://[all ip addresses on your system]:8888/
[I 12:49:43.946 NotebookApp] Use Control-C to stop this server and shut down all kernels (twice to skip confirmation).
[I 12:49:51.729 NotebookApp] Kernel started: 77f600f2-6b64-4227-bdc4-08c68eee6c97
[I 12:51:35.708 NotebookApp] Interrupted...
[I 12:51:35.708 NotebookApp] Shutting down kernels
[I 12:51:36.310 NotebookApp] Kernel shutdown: 77f600f2-6b64-4227-bdc4-08c68eee6c97
[I 12:56:42.611 NotebookApp] Writing notebook server cookie secret to /run/user/1000/jupyter/notebook_cookie_secret
[I 12:56:42.687 NotebookApp] Serving notebooks from local directory: /home/ubuntu/Yelp_Review_Prediction/MS_Project_Spring16
[I 12:56:42.687 NotebookApp] 0 active kernels 
[I 12:56:42.687 NotebookApp] The IPython Notebook is running at: https://[all ip addresses on your system]:8888/
[I 12:56:42.687 NotebookApp] Use Control-C to stop this server and shut down all kernels (twice to skip confirmation).
[I 12:57:02.482 NotebookApp] 302 GET / (67.244.39.156) 0.79ms
[I 12:57:02.521 NotebookApp] 302 GET /tree (67.244.39.156) 1.14ms
[I 12:57:08.269 NotebookApp] 302 POST /login?next=%2Ftree (67.244.39.156) 1.11ms
[I 12:57:22.773 NotebookApp] Kernel started: ec82f973-911e-4e0c-9f4a-450efd6a3fb9
[I 12:59:24.160 NotebookApp] Saving file at /Yelp_1000000_reviews_analysis.ipynb
[I 13:05:23.655 NotebookApp] Saving file at /Yelp_1000000_reviews_analysis.ipynb
[I 13:07:23.169 NotebookApp] Saving file at /Yelp_1000000_reviews_analysis.ipynb
[I 13:09:23.508 NotebookApp] Saving file at /Yelp_1000000_reviews_analysis.ipynb
[I 13:13:23.405 NotebookApp] Saving file at /Yelp_1000000_reviews_analysis.ipynb
[I 13:20:41.346 NotebookApp] Saving file at /Yelp_1000000_reviews_analysis.ipynb
[I 13:24:41.349 NotebookApp] Saving file at /Yelp_1000000_reviews_analysis.ipynb
[W 13:32:23.799 NotebookApp] SSL Error on 8 ('93.174.93.218', 59203): [SSL: WRONG_VERSION_NUMBER] wrong version number (_ssl.c:590)
[W 13:32:33.196 NotebookApp] SSL Error on 8 ('93.174.93.218', 56985): [SSL: WRONG_VERSION_NUMBER] wrong version number (_ssl.c:590)
[W 13:32:38.194 NotebookApp] SSL Error on 8 ('93.174.93.218', 36984): [SSL: WRONG_VERSION_NUMBER] wrong version number (_ssl.c:590)
[I 13:34:41.701 NotebookApp] Saving file at /Yelp_1000000_reviews_analysis.ipynb
[I 13:43:38.270 NotebookApp] Interrupted...
[I 13:43:38.270 NotebookApp] Shutting down kernels
[I 13:43:39.279 NotebookApp] Kernel shutdown: ec82f973-911e-4e0c-9f4a-450efd6a3fb9
[I 13:43:44.894 NotebookApp] Serving notebooks from local directory: /home/ubuntu/Yelp_Review_Prediction/MS_Project_Spring16
[I 13:43:44.894 NotebookApp] 0 active kernels 
[I 13:43:44.894 NotebookApp] The IPython Notebook is running at: https://[all ip addresses on your system]:8888/
[I 13:43:44.894 NotebookApp] Use Control-C to stop this server and shut down all kernels (twice to skip confirmation).
[I 13:43:56.484 NotebookApp] Kernel started: ad5eadef-5b10-415b-b744-d5a1d90f4d09
[I 13:45:56.465 NotebookApp] Saving file at /Yelp_1000000_reviews_analysis.ipynb
[I 13:49:56.724 NotebookApp] Saving file at /Yelp_1000000_reviews_analysis.ipynb
[I 14:05:56.813 NotebookApp] Saving file at /Yelp_1000000_reviews_analysis.ipynb
[I 14:10:04.364 NotebookApp] Kernel shutdown: ad5eadef-5b10-415b-b744-d5a1d90f4d09
[I 14:10:10.289 NotebookApp] Kernel started: 4e8979d7-5662-4eaf-af0b-18b5927a0977
[I 14:12:11.541 NotebookApp] Saving file at /Yelp_1000000_reviews_analysis.ipynb
[I 14:35:00.953 NotebookApp] Creating new notebook in 
[I 14:35:08.140 NotebookApp] Kernel started: 71d18661-8836-4941-ab1c-05a5829a5e94
[I 14:37:09.065 NotebookApp] Saving file at /Untitled.ipynb
[I 14:57:08.775 NotebookApp] Saving file at /Untitled.ipynb
[I 15:03:08.762 NotebookApp] Saving file at /Untitled.ipynb
[I 16:09:34.184 NotebookApp] 302 GET /tree (130.111.132.25) 0.95ms
[I 16:09:39.336 NotebookApp] 302 POST /login?next=%2Ftree (130.111.132.25) 1.04ms
[I 16:11:08.828 NotebookApp] Saving file at /Untitled.ipynb
[W 17:22:43.049 NotebookApp] SSL Error on 8 ('188.68.224.62', 52760): [SSL: WRONG_VERSION_NUMBER] wrong version number (_ssl.c:590)
[W 17:22:43.050 NotebookApp] SSL Error on 9 ('188.68.224.62', 52640): [SSL: WRONG_VERSION_NUMBER] wrong version number (_ssl.c:590)
[W 18:46:29.383 NotebookApp] SSL Error on 8 ('123.59.59.52', 51758): [SSL: WRONG_VERSION_NUMBER] wrong version number (_ssl.c:590)
[W 19:29:21.415 NotebookApp] SSL Error on 8 ('188.68.224.62', 37339): [SSL: WRONG_VERSION_NUMBER] wrong version number (_ssl.c:590)
[W 19:29:21.423 NotebookApp] SSL Error on 9 ('188.68.224.62', 37355): [SSL: WRONG_VERSION_NUMBER] wrong version number (_ssl.c:590)
[I 20:10:03.494 NotebookApp] Saving file at /Yelp_1000000_reviews_analysis.ipynb
[W 20:25:44.747 NotebookApp] SSL Error on 8 ('185.49.14.190', 43579): [SSL: WRONG_VERSION_NUMBER] wrong version number (_ssl.c:590)
[I 20:27:08.089 NotebookApp] Saving file at /Untitled.ipynb
[I 20:29:07.223 NotebookApp] Saving file at /Untitled.ipynb
[W 21:23:08.372 NotebookApp] SSL Error on 8 ('188.68.224.62', 49949): [SSL: WRONG_VERSION_NUMBER] wrong version number (_ssl.c:590)
[W 21:23:08.480 NotebookApp] SSL Error on 9 ('188.68.224.62', 51638): [SSL: WRONG_VERSION_NUMBER] wrong version number (_ssl.c:590)
[W 21:30:19.957 NotebookApp] SSL Error on 8 ('188.68.224.62', 44780): [SSL: WRONG_VERSION_NUMBER] wrong version number (_ssl.c:590)
[W 21:30:20.022 NotebookApp] SSL Error on 9 ('188.68.224.62', 46251): [SSL: WRONG_VERSION_NUMBER] wrong version number (_ssl.c:590)
[W 23:24:08.433 NotebookApp] SSL Error on 8 ('188.68.224.62', 39396): [SSL: WRONG_VERSION_NUMBER] wrong version number (_ssl.c:590)
[W 23:24:08.457 NotebookApp] SSL Error on 9 ('188.68.224.62', 39749): [SSL: WRONG_VERSION_NUMBER] wrong version number (_ssl.c:590)
[I 00:35:08.690 NotebookApp] Saving file at /Untitled.ipynb
[W 01:25:09.535 NotebookApp] SSL Error on 8 ('188.68.224.62', 54250): [SSL: WRONG_VERSION_NUMBER] wrong version number (_ssl.c:590)
[W 01:25:09.624 NotebookApp] SSL Error on 9 ('188.68.224.62', 55658): [SSL: WRONG_VERSION_NUMBER] wrong version number (_ssl.c:590)
[I 02:51:06.671 NotebookApp] 302 GET /tree (67.244.39.156) 0.72ms
[I 02:51:12.399 NotebookApp] 302 POST /login?next=%2Ftree (67.244.39.156) 1.00ms
[W 04:54:53.918 NotebookApp] SSL Error on 8 ('80.82.78.38', 48789): [SSL: WRONG_VERSION_NUMBER] wrong version number (_ssl.c:590)
[W 06:59:43.792 NotebookApp] SSL Error on 8 ('188.68.224.62', 40699): [SSL: WRONG_VERSION_NUMBER] wrong version number (_ssl.c:590)
[W 06:59:44.102 NotebookApp] SSL Error on 8 ('188.68.224.62', 43697): [SSL: WRONG_VERSION_NUMBER] wrong version number (_ssl.c:590)
[W 08:32:08.664 NotebookApp] WebSocket ping timeout after 119930 ms.
[W 08:32:11.139 NotebookApp] WebSocket ping timeout after 119847 ms.
[W 08:46:32.398 NotebookApp] SSL Error on 8 ('188.68.224.62', 58701): [SSL: WRONG_VERSION_NUMBER] wrong version number (_ssl.c:590)
[W 08:46:32.399 NotebookApp] SSL Error on 9 ('188.68.224.62', 59155): [SSL: WRONG_VERSION_NUMBER] wrong version number (_ssl.c:590)
[W 09:00:43.905 NotebookApp] SSL Error on 8 ('188.68.224.62', 34504): [SSL: WRONG_VERSION_NUMBER] wrong version number (_ssl.c:590)
[W 09:00:43.914 NotebookApp] SSL Error on 9 ('188.68.224.62', 35295): [SSL: WRONG_VERSION_NUMBER] wrong version number (_ssl.c:590)
[W 10:03:33.472 NotebookApp] SSL Error on 8 ('93.174.93.218', 54978): [SSL: WRONG_VERSION_NUMBER] wrong version number (_ssl.c:590)
[W 10:03:37.873 NotebookApp] SSL Error on 8 ('93.174.93.218', 32790): [SSL: WRONG_VERSION_NUMBER] wrong version number (_ssl.c:590)
[W 10:03:48.277 NotebookApp] SSL Error on 8 ('93.174.93.218', 43108): [SSL: WRONG_VERSION_NUMBER] wrong version number (_ssl.c:590)
[W 10:47:32.330 NotebookApp] SSL Error on 8 ('188.68.224.62', 51037): [SSL: WRONG_VERSION_NUMBER] wrong version number (_ssl.c:590)
[W 10:47:32.381 NotebookApp] SSL Error on 9 ('188.68.224.62', 52866): [SSL: WRONG_VERSION_NUMBER] wrong version number (_ssl.c:590)
[W 11:01:44.045 NotebookApp] SSL Error on 8 ('188.68.224.62', 55443): [SSL: WRONG_VERSION_NUMBER] wrong version number (_ssl.c:590)
[W 11:01:44.068 NotebookApp] SSL Error on 9 ('188.68.224.62', 56423): [SSL: WRONG_VERSION_NUMBER] wrong version number (_ssl.c:590)
[I 12:44:04.090 NotebookApp] Saving file at /Yelp_1000000_reviews_analysis.ipynb
[I 12:44:12.654 NotebookApp] Saving file at /Untitled.ipynb
[I 20:38:08.140 NotebookApp] Serving notebooks from local directory: /home/ubuntu/Yelp_Review_Prediction/MS_Project_Spring16
[I 20:38:08.140 NotebookApp] 0 active kernels 
[I 20:38:08.141 NotebookApp] The IPython Notebook is running at: https://[all ip addresses on your system]:8888/
[I 20:38:08.141 NotebookApp] Use Control-C to stop this server and shut down all kernels (twice to skip confirmation).
[W 20:38:18.169 NotebookApp] Notebook Yelp_1000000_reviews_analysis.ipynb is not trusted
[I 20:38:19.340 NotebookApp] Kernel started: 75b759ed-5d4a-41cf-876c-f978f69af5b1
[W 20:39:28.291 NotebookApp] Notebook RunningTimesExperiment.ipynb is not trusted
[I 20:39:29.312 NotebookApp] Kernel started: b63c0ce7-ca16-47dd-b75f-b301bda71022
[I 20:40:30.076 NotebookApp] Interrupted...
[I 20:40:30.076 NotebookApp] Shutting down kernels
[I 20:40:30.678 NotebookApp] Kernel shutdown: 75b759ed-5d4a-41cf-876c-f978f69af5b1
[I 20:40:30.678 NotebookApp] Kernel shutdown: b63c0ce7-ca16-47dd-b75f-b301bda71022
[I 20:42:13.022 NotebookApp] Serving notebooks from local directory: /home/ubuntu/Yelp_Review_Prediction/MS_Project_Spring16
[I 20:42:13.022 NotebookApp] 0 active kernels 
[I 20:42:13.022 NotebookApp] The IPython Notebook is running at: https://[all ip addresses on your system]:8888/
[I 20:42:13.022 NotebookApp] Use Control-C to stop this server and shut down all kernels (twice to skip confirmation).
[W 20:42:23.042 NotebookApp] Notebook RunningTimesExperiment.ipynb is not trusted
[I 20:42:24.046 NotebookApp] Kernel started: e7805597-6a75-40c1-b0ed-2b13da24b8a5
[I 20:44:25.528 NotebookApp] Saving file at /RunningTimesExperiment.ipynb
[W 20:44:25.528 NotebookApp] Saving untrusted notebook RunningTimesExperiment.ipynb
[I 20:44:49.457 NotebookApp] Interrupted...
[I 20:44:49.457 NotebookApp] Shutting down kernels
[I 20:44:49.858 NotebookApp] Kernel shutdown: e7805597-6a75-40c1-b0ed-2b13da24b8a5
[I 20:45:59.696 NotebookApp] Serving notebooks from local directory: /home/ubuntu/Yelp_Review_Prediction/MS_Project_Spring16
[I 20:45:59.696 NotebookApp] 0 active kernels 
[I 20:45:59.697 NotebookApp] The IPython Notebook is running at: https://[all ip addresses on your system]:8888/
[I 20:45:59.697 NotebookApp] Use Control-C to stop this server and shut down all kernels (twice to skip confirmation).
[W 20:46:15.336 NotebookApp] Notebook RunningTimesExperiment.ipynb is not trusted
[I 20:46:16.337 NotebookApp] Kernel started: 0802dbbb-2cf2-4f33-b990-3d5aae1a927c
[W 20:46:32.646 NotebookApp] Notebook Yelp_1000000_reviews_analysis.ipynb is not trusted
[I 20:46:33.787 NotebookApp] Kernel started: d0de9148-d53b-414b-a487-2d120aff62e5
[I 20:48:16.599 NotebookApp] Saving file at /RunningTimesExperiment.ipynb
[W 20:48:16.600 NotebookApp] Saving untrusted notebook RunningTimesExperiment.ipynb
[I 20:50:16.603 NotebookApp] Saving file at /RunningTimesExperiment.ipynb
[W 20:50:16.603 NotebookApp] Saving untrusted notebook RunningTimesExperiment.ipynb
[I 20:52:16.474 NotebookApp] Saving file at /RunningTimesExperiment.ipynb
[W 20:52:16.474 NotebookApp] Saving untrusted notebook RunningTimesExperiment.ipynb
[I 21:00:17.147 NotebookApp] Saving file at /RunningTimesExperiment.ipynb
[W 21:00:17.148 NotebookApp] Saving untrusted notebook RunningTimesExperiment.ipynb
[W 23:35:19.144 NotebookApp] SSL Error on 8 ('80.82.78.38', 60034): [SSL: WRONG_VERSION_NUMBER] wrong version number (_ssl.c:590)
[I 23:46:17.012 NotebookApp] Saving file at /RunningTimesExperiment.ipynb
[W 23:46:17.013 NotebookApp] Saving untrusted notebook RunningTimesExperiment.ipynb
[I 02:04:34.466 NotebookApp] Saving file at /Yelp_1000000_reviews_analysis.ipynb
[W 02:04:34.467 NotebookApp] Saving untrusted notebook Yelp_1000000_reviews_analysis.ipynb
[I 02:08:33.903 NotebookApp] Saving file at /Yelp_1000000_reviews_analysis.ipynb
[W 02:08:33.903 NotebookApp] Saving untrusted notebook Yelp_1000000_reviews_analysis.ipynb
[I 02:10:16.512 NotebookApp] Saving file at /RunningTimesExperiment.ipynb
[W 02:10:16.513 NotebookApp] Saving untrusted notebook RunningTimesExperiment.ipynb
[I 02:10:33.995 NotebookApp] Saving file at /Yelp_1000000_reviews_analysis.ipynb
[W 02:10:33.995 NotebookApp] Saving untrusted notebook Yelp_1000000_reviews_analysis.ipynb
[I 02:11:35.394 NotebookApp] Saving file at /RunningTimesExperiment.ipynb
[W 02:11:35.394 NotebookApp] Saving untrusted notebook RunningTimesExperiment.ipynb
[I 02:12:33.973 NotebookApp] Saving file at /Yelp_1000000_reviews_analysis.ipynb
[W 02:12:33.974 NotebookApp] Saving untrusted notebook Yelp_1000000_reviews_analysis.ipynb
[I 02:13:49.905 NotebookApp] Kernel shutdown: d0de9148-d53b-414b-a487-2d120aff62e5
[I 02:14:21.275 NotebookApp] Saving file at /RunningTimesExperiment.ipynb
[W 02:14:21.275 NotebookApp] Saving untrusted notebook RunningTimesExperiment.ipynb
[I 02:16:16.719 NotebookApp] Saving file at /RunningTimesExperiment.ipynb
[W 02:16:16.719 NotebookApp] Saving untrusted notebook RunningTimesExperiment.ipynb
[I 02:16:45.635 NotebookApp] Saving file at /RunningTimesExperiment.ipynb
[W 02:16:58.147 NotebookApp] Notebook Yelp_1000000_reviews_analysis.ipynb is not trusted
[I 02:16:59.225 NotebookApp] Kernel started: 6f840dcd-11f0-4f49-8b34-3a80fb785bf1
[I 02:18:59.333 NotebookApp] Saving file at /Yelp_1000000_reviews_analysis.ipynb
[W 02:18:59.334 NotebookApp] Saving untrusted notebook Yelp_1000000_reviews_analysis.ipynb
[I 02:29:00.268 NotebookApp] Saving file at /Yelp_1000000_reviews_analysis.ipynb
[W 02:29:00.268 NotebookApp] Saving untrusted notebook Yelp_1000000_reviews_analysis.ipynb
[I 02:30:59.347 NotebookApp] Saving file at /Yelp_1000000_reviews_analysis.ipynb
[W 02:30:59.348 NotebookApp] Saving untrusted notebook Yelp_1000000_reviews_analysis.ipynb
[I 05:15:00.329 NotebookApp] Saving file at /Yelp_1000000_reviews_analysis.ipynb
[W 05:15:00.330 NotebookApp] Saving untrusted notebook Yelp_1000000_reviews_analysis.ipynb
[I 05:21:53.582 NotebookApp] Saving file at /Yelp_1000000_reviews_analysis.ipynb
[W 05:21:53.582 NotebookApp] Saving untrusted notebook Yelp_1000000_reviews_analysis.ipynb
[I 05:22:01.679 NotebookApp] Saving file at /RunningTimesExperiment.ipynb
[I 05:24:59.328 NotebookApp] Saving file at /Yelp_1000000_reviews_analysis.ipynb
[W 05:24:59.329 NotebookApp] Saving untrusted notebook Yelp_1000000_reviews_analysis.ipynb
[I 05:26:59.949 NotebookApp] Saving file at /Yelp_1000000_reviews_analysis.ipynb
[W 05:26:59.950 NotebookApp] Saving untrusted notebook Yelp_1000000_reviews_analysis.ipynb
[I 05:36:59.668 NotebookApp] Saving file at /Yelp_1000000_reviews_analysis.ipynb
[W 05:36:59.669 NotebookApp] Saving untrusted notebook Yelp_1000000_reviews_analysis.ipynb
[W 08:07:43.220 NotebookApp] SSL Error on 8 ('93.174.93.218', 41865): [SSL: WRONG_VERSION_NUMBER] wrong version number (_ssl.c:590)
[W 08:07:48.627 NotebookApp] SSL Error on 8 ('93.174.93.218', 50528): [SSL: WRONG_VERSION_NUMBER] wrong version number (_ssl.c:590)
[W 08:07:55.029 NotebookApp] SSL Error on 8 ('93.174.93.218', 59649): [SSL: WRONG_VERSION_NUMBER] wrong version number (_ssl.c:590)
[W 00:28:33.109 NotebookApp] SSL Error on 8 ('108.9.139.156', 53487): [SSL: WRONG_VERSION_NUMBER] wrong version number (_ssl.c:590)
[W 00:28:34.210 NotebookApp] SSL Error on 8 ('108.9.139.156', 54304): [SSL: WRONG_VERSION_NUMBER] wrong version number (_ssl.c:590)
[W 00:28:35.297 NotebookApp] SSL Error on 8 ('108.9.139.156', 55300): [SSL: WRONG_VERSION_NUMBER] wrong version number (_ssl.c:590)
[W 02:33:18.050 NotebookApp] SSL Error on 8 ('123.59.59.52', 36448): [SSL: WRONG_VERSION_NUMBER] wrong version number (_ssl.c:590)
[W 05:34:07.944 NotebookApp] SSL Error on 8 ('93.174.93.218', 50467): [SSL: WRONG_VERSION_NUMBER] wrong version number (_ssl.c:590)
[W 05:34:10.366 NotebookApp] SSL Error on 8 ('93.174.93.218', 53225): [SSL: WRONG_VERSION_NUMBER] wrong version number (_ssl.c:590)
[W 05:34:16.774 NotebookApp] SSL Error on 8 ('93.174.93.218', 38316): [SSL: WRONG_VERSION_NUMBER] wrong version number (_ssl.c:590)
[W 06:44:00.009 NotebookApp] WebSocket ping timeout after 119948 ms.
[W 06:44:16.771 NotebookApp] WebSocket ping timeout after 119815 ms.
[W 16:56:29.765 NotebookApp] SSL Error on 44 ('80.82.78.38', 56450): [SSL: WRONG_VERSION_NUMBER] wrong version number (_ssl.c:590)
[I 18:07:39.902 NotebookApp] Saving file at /Yelp_1000000_reviews_analysis.ipynb
[W 18:07:39.903 NotebookApp] Saving untrusted notebook Yelp_1000000_reviews_analysis.ipynb
[I 18:13:54.147 NotebookApp] Saving file at /Yelp_1000000_reviews_analysis.ipynb
[W 18:13:54.148 NotebookApp] Saving untrusted notebook Yelp_1000000_reviews_analysis.ipynb
[I 18:23:55.414 NotebookApp] Saving file at /Yelp_1000000_reviews_analysis.ipynb
[W 18:23:55.415 NotebookApp] Saving untrusted notebook Yelp_1000000_reviews_analysis.ipynb
[I 20:19:01.007 NotebookApp] Kernel shutdown: 6f840dcd-11f0-4f49-8b34-3a80fb785bf1
[W 20:20:01.514 NotebookApp] Notebook Untitled.ipynb is not trusted
[I 20:20:01.909 NotebookApp] Kernel started: 7e82718e-7b49-451c-8561-5a96ac55dec7
[I 20:23:34.333 NotebookApp] Kernel shutdown: 7e82718e-7b49-451c-8561-5a96ac55dec7
[W 20:23:42.225 NotebookApp] Notebook Yelp_Review_Rating_Prediction.ipynb is not trusted
[I 20:23:43.325 NotebookApp] Kernel started: 465a514e-e49e-4fdf-984d-3e10e2f90ccb
[I 20:37:43.734 NotebookApp] Saving file at /Yelp_Review_Rating_Prediction.ipynb
[W 20:37:43.735 NotebookApp] Saving untrusted notebook Yelp_Review_Rating_Prediction.ipynb
[I 20:39:43.417 NotebookApp] Saving file at /Yelp_Review_Rating_Prediction.ipynb
[W 20:39:43.418 NotebookApp] Saving untrusted notebook Yelp_Review_Rating_Prediction.ipynb
[I 20:41:43.377 NotebookApp] Saving file at /Yelp_Review_Rating_Prediction.ipynb
[W 20:41:43.378 NotebookApp] Saving untrusted notebook Yelp_Review_Rating_Prediction.ipynb
[I 20:45:43.492 NotebookApp] Saving file at /Yelp_Review_Rating_Prediction.ipynb
[W 20:45:43.492 NotebookApp] Saving untrusted notebook Yelp_Review_Rating_Prediction.ipynb
[I 20:47:43.416 NotebookApp] Saving file at /Yelp_Review_Rating_Prediction.ipynb
[W 20:47:43.417 NotebookApp] Saving untrusted notebook Yelp_Review_Rating_Prediction.ipynb
[I 20:48:07.048 NotebookApp] Saving file at /Yelp_Review_Rating_Prediction.ipynb
[W 20:48:07.049 NotebookApp] Saving untrusted notebook Yelp_Review_Rating_Prediction.ipynb
[I 20:48:25.063 NotebookApp] Kernel shutdown: 465a514e-e49e-4fdf-984d-3e10e2f90ccb
[W 20:48:56.904 NotebookApp] Notebook Yelp_Review_Rating_Prediction.ipynb is not trusted
[I 20:48:58.172 NotebookApp] Kernel started: 99e2c89e-4244-40bf-b10a-9baf21460cc7
[I 20:50:58.287 NotebookApp] Saving file at /Yelp_Review_Rating_Prediction.ipynb
[W 20:50:58.288 NotebookApp] Saving untrusted notebook Yelp_Review_Rating_Prediction.ipynb
[I 20:51:09.934 NotebookApp] Kernel shutdown: 99e2c89e-4244-40bf-b10a-9baf21460cc7
[W 20:51:14.673 NotebookApp] Kernel does not exist: 99e2c89e-4244-40bf-b10a-9baf21460cc7
[W 20:51:14.673 NotebookApp] 404 POST /api/kernels/99e2c89e-4244-40bf-b10a-9baf21460cc7/interrupt (67.244.39.156) 1.54ms referer=https://ec2-52-87-180-221.compute-1.amazonaws.com:8888/notebooks/Yelp_Review_Rating_Prediction.ipynb
[W 20:54:46.476 NotebookApp] Kernel does not exist: 99e2c89e-4244-40bf-b10a-9baf21460cc7
[W 20:54:46.477 NotebookApp] 404 POST /api/kernels/99e2c89e-4244-40bf-b10a-9baf21460cc7/interrupt (67.244.39.156) 1.04ms referer=https://ec2-52-87-180-221.compute-1.amazonaws.com:8888/notebooks/Yelp_Review_Rating_Prediction.ipynb
[I 20:55:00.839 NotebookApp] Kernel shutdown: 0802dbbb-2cf2-4f33-b990-3d5aae1a927c
[W 20:55:11.051 NotebookApp] Notebook Yelp_Review_Rating_Prediction.ipynb is not trusted
[I 20:55:12.223 NotebookApp] Kernel started: 706ab585-5d93-4db1-a5f3-e209002bd966
[I 20:57:12.368 NotebookApp] Saving file at /Yelp_Review_Rating_Prediction.ipynb
[W 20:57:12.369 NotebookApp] Saving untrusted notebook Yelp_Review_Rating_Prediction.ipynb
[I 20:57:29.278 NotebookApp] Kernel started: 33dc127b-d398-4655-a158-8142e388a050
[W 20:57:42.708 NotebookApp] Notebook Yelp_Logstic_Regression_all.ipynb is not trusted
[I 20:57:43.191 NotebookApp] Kernel started: 8a91d619-318b-47e2-8e74-6db27fe1726b
[I 20:59:12.310 NotebookApp] Saving file at /Yelp_Review_Rating_Prediction.ipynb
[W 20:59:12.311 NotebookApp] Saving untrusted notebook Yelp_Review_Rating_Prediction.ipynb
[I 20:59:46.900 NotebookApp] Kernel shutdown: 706ab585-5d93-4db1-a5f3-e209002bd966
[W 20:59:50.662 NotebookApp] Notebook Yelp_Review_Rating_Prediction.ipynb is not trusted
[I 20:59:51.911 NotebookApp] Kernel started: 34678492-cb7a-46b2-aef8-c23b73e12b44
[I 21:00:20.236 NotebookApp] Saving file at /Yelp_Logstic_Regression_all.ipynb
[W 21:00:20.237 NotebookApp] Saving untrusted notebook Yelp_Logstic_Regression_all.ipynb
[I 21:00:50.222 NotebookApp] Kernel interrupted: 8a91d619-318b-47e2-8e74-6db27fe1726b
[I 21:01:43.300 NotebookApp] Saving file at /Yelp_Logstic_Regression_all.ipynb
[W 21:01:43.301 NotebookApp] Saving untrusted notebook Yelp_Logstic_Regression_all.ipynb
[I 21:01:51.019 NotebookApp] Kernel shutdown: 8a91d619-318b-47e2-8e74-6db27fe1726b
[W 21:01:52.740 NotebookApp] Notebook Yelp_Logstic_Regression_all.ipynb is not trusted
[I 21:01:53.291 NotebookApp] Kernel started: e60b1a2d-32aa-479e-b527-546763521c06
[I 21:02:08.246 NotebookApp] Saving file at /Yelp_Review_Rating_Prediction.ipynb
[W 21:02:08.247 NotebookApp] Saving untrusted notebook Yelp_Review_Rating_Prediction.ipynb
[I 21:02:33.423 NotebookApp] Kernel shutdown: e60b1a2d-32aa-479e-b527-546763521c06
[I 21:15:52.437 NotebookApp] Saving file at /Yelp_Review_Rating_Prediction.ipynb
[W 21:15:52.438 NotebookApp] Saving untrusted notebook Yelp_Review_Rating_Prediction.ipynb
[W 21:19:15.184 NotebookApp] Notebook Yelp_1000000_reviews_analysis.ipynb is not trusted
[I 21:19:16.414 NotebookApp] Kernel started: d700b0f6-48a7-497b-8b99-44cc3c62ebc4
[W 21:19:26.723 NotebookApp] Notebook Yelp_Logstic_Regression_all.ipynb is not trusted
[I 21:19:27.365 NotebookApp] Kernel started: d3d1337f-7978-4919-84fc-681c82026025
[I 21:21:27.491 NotebookApp] Saving file at /Yelp_Logstic_Regression_all.ipynb
[W 21:21:27.491 NotebookApp] Saving untrusted notebook Yelp_Logstic_Regression_all.ipynb
[I 21:23:28.574 NotebookApp] Saving file at /Yelp_Logstic_Regression_all.ipynb
[W 21:23:28.574 NotebookApp] Saving untrusted notebook Yelp_Logstic_Regression_all.ipynb
[I 21:23:52.381 NotebookApp] Saving file at /Yelp_Review_Rating_Prediction.ipynb
[W 21:23:52.382 NotebookApp] Saving untrusted notebook Yelp_Review_Rating_Prediction.ipynb
[I 21:25:52.043 NotebookApp] Saving file at /Yelp_Review_Rating_Prediction.ipynb
[W 21:25:52.044 NotebookApp] Saving untrusted notebook Yelp_Review_Rating_Prediction.ipynb
[W 21:26:10.954 NotebookApp] Notebook Yelp_50000_reviews_analysis.ipynb is not trusted
[I 21:26:13.079 NotebookApp] Kernel started: 4838b1ad-65eb-4cc5-bc7f-e31ae756f355
[I 21:29:52.241 NotebookApp] Saving file at /Yelp_Review_Rating_Prediction.ipynb
[W 21:29:52.242 NotebookApp] Saving untrusted notebook Yelp_Review_Rating_Prediction.ipynb
[I 21:31:52.172 NotebookApp] Saving file at /Yelp_Review_Rating_Prediction.ipynb
[W 21:31:52.173 NotebookApp] Saving untrusted notebook Yelp_Review_Rating_Prediction.ipynb
[I 21:33:52.867 NotebookApp] Saving file at /Yelp_Review_Rating_Prediction.ipynb
[W 21:33:52.869 NotebookApp] Saving untrusted notebook Yelp_Review_Rating_Prediction.ipynb
[I 21:35:52.262 NotebookApp] Saving file at /Yelp_Review_Rating_Prediction.ipynb
[W 21:35:52.263 NotebookApp] Saving untrusted notebook Yelp_Review_Rating_Prediction.ipynb
[I 21:37:45.726 NotebookApp] Kernel shutdown: d3d1337f-7978-4919-84fc-681c82026025
[W 21:37:48.363 NotebookApp] Notebook Yelp_Logstic_Regression_all.ipynb is not trusted
[I 21:37:48.935 NotebookApp] Kernel started: 2089de13-04c6-4905-aa00-ceec1dee460f
[I 21:39:00.887 NotebookApp] Kernel shutdown: 34678492-cb7a-46b2-aef8-c23b73e12b44
[W 21:39:03.645 NotebookApp] Notebook Yelp_Review_Rating_Prediction.ipynb is not trusted
[I 21:39:08.012 NotebookApp] Kernel started: 455844c5-6842-48f1-b4d1-540a79b3e0ad
[I 21:39:49.133 NotebookApp] Saving file at /Yelp_Logstic_Regression_all.ipynb
[W 21:39:49.134 NotebookApp] Saving untrusted notebook Yelp_Logstic_Regression_all.ipynb
[I 21:41:08.191 NotebookApp] Saving file at /Yelp_Review_Rating_Prediction.ipynb
[W 21:41:08.192 NotebookApp] Saving untrusted notebook Yelp_Review_Rating_Prediction.ipynb
[I 21:45:08.187 NotebookApp] Saving file at /Yelp_Review_Rating_Prediction.ipynb
[W 21:45:08.189 NotebookApp] Saving untrusted notebook Yelp_Review_Rating_Prediction.ipynb
[I 21:46:06.854 NotebookApp] Kernel shutdown: 4838b1ad-65eb-4cc5-bc7f-e31ae756f355
[I 21:47:08.097 NotebookApp] Saving file at /Yelp_Review_Rating_Prediction.ipynb
[W 21:47:08.098 NotebookApp] Saving untrusted notebook Yelp_Review_Rating_Prediction.ipynb
[W 21:50:08.191 NotebookApp] Notebook Yelp_1000000_reviews_analysis.ipynb is not trusted
[I 21:52:09.760 NotebookApp] Saving file at /Yelp_1000000_reviews_analysis.ipynb
[W 21:52:09.761 NotebookApp] Saving untrusted notebook Yelp_1000000_reviews_analysis.ipynb
[W 21:52:48.202 NotebookApp] Notebook Yelp_50000_reviews_analysis.ipynb is not trusted
[I 21:52:51.109 NotebookApp] Kernel started: 4b53c8a7-fb73-41d5-abf8-35c73f147e33
[I 21:54:09.466 NotebookApp] Saving file at /Yelp_1000000_reviews_analysis.ipynb
[W 21:54:09.467 NotebookApp] Saving untrusted notebook Yelp_1000000_reviews_analysis.ipynb
[I 21:56:09.581 NotebookApp] Saving file at /Yelp_1000000_reviews_analysis.ipynb
[W 21:56:09.582 NotebookApp] Saving untrusted notebook Yelp_1000000_reviews_analysis.ipynb
[I 21:57:54.451 NotebookApp] Kernel interrupted: d700b0f6-48a7-497b-8b99-44cc3c62ebc4
[I 21:58:09.461 NotebookApp] Saving file at /Yelp_1000000_reviews_analysis.ipynb
[W 21:58:09.462 NotebookApp] Saving untrusted notebook Yelp_1000000_reviews_analysis.ipynb
[I 22:00:09.564 NotebookApp] Saving file at /Yelp_1000000_reviews_analysis.ipynb
[W 22:00:09.565 NotebookApp] Saving untrusted notebook Yelp_1000000_reviews_analysis.ipynb
[I 22:02:09.613 NotebookApp] Saving file at /Yelp_1000000_reviews_analysis.ipynb
[W 22:02:09.614 NotebookApp] Saving untrusted notebook Yelp_1000000_reviews_analysis.ipynb
[I 22:04:10.617 NotebookApp] Saving file at /Yelp_1000000_reviews_analysis.ipynb
[W 22:04:10.617 NotebookApp] Saving untrusted notebook Yelp_1000000_reviews_analysis.ipynb
[I 22:06:10.187 NotebookApp] Saving file at /Yelp_1000000_reviews_analysis.ipynb
[W 22:06:10.188 NotebookApp] Saving untrusted notebook Yelp_1000000_reviews_analysis.ipynb
[I 22:09:49.195 NotebookApp] Saving file at /Yelp_Logstic_Regression_all.ipynb
[W 22:09:49.196 NotebookApp] Saving untrusted notebook Yelp_Logstic_Regression_all.ipynb
[I 22:14:10.158 NotebookApp] Saving file at /Yelp_1000000_reviews_analysis.ipynb
[W 22:14:10.159 NotebookApp] Saving untrusted notebook Yelp_1000000_reviews_analysis.ipynb
[I 22:15:49.173 NotebookApp] Saving file at /Yelp_Logstic_Regression_all.ipynb
[I 22:16:09.426 NotebookApp] Saving file at /Yelp_1000000_reviews_analysis.ipynb
[W 22:16:09.427 NotebookApp] Saving untrusted notebook Yelp_1000000_reviews_analysis.ipynb
[I 22:18:09.392 NotebookApp] Saving file at /Yelp_1000000_reviews_analysis.ipynb
[W 22:18:09.393 NotebookApp] Saving untrusted notebook Yelp_1000000_reviews_analysis.ipynb
[I 22:32:09.764 NotebookApp] Saving file at /Yelp_1000000_reviews_analysis.ipynb
[W 22:32:09.765 NotebookApp] Saving untrusted notebook Yelp_1000000_reviews_analysis.ipynb
[W 22:34:52.278 NotebookApp] SSL Error on 12 ('120.132.50.135', 35674): [SSL: WRONG_VERSION_NUMBER] wrong version number (_ssl.c:590)
[W 22:34:52.732 NotebookApp] SSL Error on 13 ('123.59.59.52', 34924): [SSL: WRONG_VERSION_NUMBER] wrong version number (_ssl.c:590)
[I 22:36:10.160 NotebookApp] Saving file at /Yelp_1000000_reviews_analysis.ipynb
[W 22:36:10.161 NotebookApp] Saving untrusted notebook Yelp_1000000_reviews_analysis.ipynb
[I 22:38:10.169 NotebookApp] Saving file at /Yelp_1000000_reviews_analysis.ipynb
[W 22:38:10.169 NotebookApp] Saving untrusted notebook Yelp_1000000_reviews_analysis.ipynb
[I 22:42:09.541 NotebookApp] Saving file at /Yelp_1000000_reviews_analysis.ipynb
[W 22:42:09.542 NotebookApp] Saving untrusted notebook Yelp_1000000_reviews_analysis.ipynb
[I 22:43:49.629 NotebookApp] Saving file at /Yelp_Logstic_Regression_all.ipynb
[I 22:46:01.434 NotebookApp] Kernel shutdown: 4b53c8a7-fb73-41d5-abf8-35c73f147e33
[I 22:46:06.330 NotebookApp] Kernel shutdown: 33dc127b-d398-4655-a158-8142e388a050
[W 23:00:36.587 NotebookApp] SSL Error on 13 ('106.187.52.160', 47728): [SSL: WRONG_VERSION_NUMBER] wrong version number (_ssl.c:590)
[W 23:00:44.292 NotebookApp] SSL Error on 13 ('106.187.52.160', 55926): [SSL: WRONG_VERSION_NUMBER] wrong version number (_ssl.c:590)
[I 23:01:08.840 NotebookApp] Saving file at /Yelp_Review_Rating_Prediction.ipynb
[W 23:01:08.841 NotebookApp] Saving untrusted notebook Yelp_Review_Rating_Prediction.ipynb
[I 23:29:08.597 NotebookApp] Saving file at /Yelp_Review_Rating_Prediction.ipynb
[W 23:29:08.597 NotebookApp] Saving untrusted notebook Yelp_Review_Rating_Prediction.ipynb
[I 00:31:08.681 NotebookApp] Saving file at /Yelp_Review_Rating_Prediction.ipynb
[W 00:31:08.682 NotebookApp] Saving untrusted notebook Yelp_Review_Rating_Prediction.ipynb
[I 00:33:08.134 NotebookApp] Saving file at /Yelp_Review_Rating_Prediction.ipynb
[W 00:33:08.135 NotebookApp] Saving untrusted notebook Yelp_Review_Rating_Prediction.ipynb
[I 02:00:10.247 NotebookApp] Saving file at /Yelp_1000000_reviews_analysis.ipynb
[W 02:00:10.248 NotebookApp] Saving untrusted notebook Yelp_1000000_reviews_analysis.ipynb
[I 02:02:10.154 NotebookApp] Saving file at /Yelp_1000000_reviews_analysis.ipynb
[W 02:02:10.155 NotebookApp] Saving untrusted notebook Yelp_1000000_reviews_analysis.ipynb
[I 02:05:08.152 NotebookApp] Saving file at /Yelp_Review_Rating_Prediction.ipynb
[W 02:05:08.152 NotebookApp] Saving untrusted notebook Yelp_Review_Rating_Prediction.ipynb
[I 02:06:09.432 NotebookApp] Saving file at /Yelp_1000000_reviews_analysis.ipynb
[W 02:06:09.433 NotebookApp] Saving untrusted notebook Yelp_1000000_reviews_analysis.ipynb
[I 02:08:09.636 NotebookApp] Saving file at /Yelp_1000000_reviews_analysis.ipynb
[W 02:08:09.637 NotebookApp] Saving untrusted notebook Yelp_1000000_reviews_analysis.ipynb
[I 02:32:10.587 NotebookApp] Saving file at /Yelp_1000000_reviews_analysis.ipynb
[W 02:32:10.588 NotebookApp] Saving untrusted notebook Yelp_1000000_reviews_analysis.ipynb
[I 03:00:09.762 NotebookApp] Saving file at /Yelp_1000000_reviews_analysis.ipynb
[W 03:00:09.763 NotebookApp] Saving untrusted notebook Yelp_1000000_reviews_analysis.ipynb
[I 03:02:09.423 NotebookApp] Saving file at /Yelp_1000000_reviews_analysis.ipynb
[W 03:02:09.423 NotebookApp] Saving untrusted notebook Yelp_1000000_reviews_analysis.ipynb
[I 03:04:09.461 NotebookApp] Saving file at /Yelp_1000000_reviews_analysis.ipynb
[W 03:04:09.462 NotebookApp] Saving untrusted notebook Yelp_1000000_reviews_analysis.ipynb
[W 03:05:21.901 NotebookApp] SSL Error on 12 ('93.174.93.218', 56582): [SSL: WRONG_VERSION_NUMBER] wrong version number (_ssl.c:590)
[W 03:05:23.501 NotebookApp] SSL Error on 12 ('93.174.93.218', 56975): [SSL: WRONG_VERSION_NUMBER] wrong version number (_ssl.c:590)
[W 03:05:27.931 NotebookApp] SSL Error on 12 ('93.174.93.218', 60552): [SSL: WRONG_VERSION_NUMBER] wrong version number (_ssl.c:590)
[I 03:06:09.420 NotebookApp] Saving file at /Yelp_1000000_reviews_analysis.ipynb
[W 03:06:09.421 NotebookApp] Saving untrusted notebook Yelp_1000000_reviews_analysis.ipynb
[I 03:06:36.435 NotebookApp] Saving file at /Yelp_1000000_reviews_analysis.ipynb
[W 03:06:36.436 NotebookApp] Saving untrusted notebook Yelp_1000000_reviews_analysis.ipynb
[I 03:06:43.917 NotebookApp] Saving file at /Yelp_Review_Rating_Prediction.ipynb
[W 03:06:43.918 NotebookApp] Saving untrusted notebook Yelp_Review_Rating_Prediction.ipynb
[I 03:14:09.845 NotebookApp] Saving file at /Yelp_1000000_reviews_analysis.ipynb
[W 03:14:09.846 NotebookApp] Saving untrusted notebook Yelp_1000000_reviews_analysis.ipynb
[I 03:28:09.811 NotebookApp] Saving file at /Yelp_1000000_reviews_analysis.ipynb
[W 03:28:09.812 NotebookApp] Saving untrusted notebook Yelp_1000000_reviews_analysis.ipynb
[I 03:44:11.614 NotebookApp] Saving file at /Yelp_1000000_reviews_analysis.ipynb
[W 03:44:11.615 NotebookApp] Saving untrusted notebook Yelp_1000000_reviews_analysis.ipynb
[I 03:48:09.455 NotebookApp] Saving file at /Yelp_1000000_reviews_analysis.ipynb
[W 03:48:09.455 NotebookApp] Saving untrusted notebook Yelp_1000000_reviews_analysis.ipynb
[I 03:50:09.389 NotebookApp] Saving file at /Yelp_1000000_reviews_analysis.ipynb
[W 03:50:09.390 NotebookApp] Saving untrusted notebook Yelp_1000000_reviews_analysis.ipynb
[W 04:59:26.248 NotebookApp] WebSocket ping timeout after 119961 ms.
[W 04:59:39.709 NotebookApp] WebSocket ping timeout after 119852 ms.
[W 04:59:40.150 NotebookApp] WebSocket ping timeout after 119961 ms.
[W 06:09:18.802 NotebookApp] WebSocket ping timeout after 119895 ms.
[W 06:09:32.806 NotebookApp] WebSocket ping timeout after 119868 ms.
[W 06:09:34.811 NotebookApp] WebSocket ping timeout after 119826 ms.
[I 13:52:27.830 NotebookApp] Saving file at /Yelp_Review_Rating_Prediction.ipynb
[W 13:52:27.830 NotebookApp] Saving untrusted notebook Yelp_Review_Rating_Prediction.ipynb
[W 15:47:30.650 NotebookApp] SSL Error on 8 ('120.132.50.135', 33932): [SSL: WRONG_VERSION_NUMBER] wrong version number (_ssl.c:590)
[W 16:10:55.445 NotebookApp] WebSocket ping timeout after 119819 ms.
[W 16:10:56.311 NotebookApp] WebSocket ping timeout after 119924 ms.
[W 16:10:56.621 NotebookApp] WebSocket ping timeout after 119427 ms.
[W 18:27:24.048 NotebookApp] SSL Error on 56 ('71.6.146.185', 45725): [SSL: WRONG_VERSION_NUMBER] wrong version number (_ssl.c:590)
[I 20:18:47.808 NotebookApp] Saving file at /Yelp_1000000_reviews_analysis.ipynb
[W 20:18:47.809 NotebookApp] Saving untrusted notebook Yelp_1000000_reviews_analysis.ipynb
[W 22:10:35.441 NotebookApp] SSL Error on 56 ('93.174.93.218', 55990): [SSL: WRONG_VERSION_NUMBER] wrong version number (_ssl.c:590)
[W 22:10:40.943 NotebookApp] SSL Error on 56 ('93.174.93.218', 42157): [SSL: WRONG_VERSION_NUMBER] wrong version number (_ssl.c:590)
[W 22:10:51.452 NotebookApp] SSL Error on 56 ('93.174.93.218', 58746): [SSL: WRONG_VERSION_NUMBER] wrong version number (_ssl.c:590)
[W 22:51:59.921 NotebookApp] WebSocket ping timeout after 119937 ms.
[W 22:57:14.624 NotebookApp] WebSocket ping timeout after 99880 ms.
[W 22:57:22.374 NotebookApp] WebSocket ping timeout after 104993 ms.
[W 22:57:30.650 NotebookApp] WebSocket ping timeout after 119880 ms.
[I 23:42:30.318 NotebookApp] Kernel shutdown: 2089de13-04c6-4905-aa00-ceec1dee460f
[W 23:42:37.113 NotebookApp] Notebook Yelp_1000000_reviews_analysis.ipynb is not trusted
[W 01:18:23.510 NotebookApp] SSL Error on 8 ('66.240.192.138', 58479): [SSL: WRONG_VERSION_NUMBER] wrong version number (_ssl.c:590)
[W 01:18:37.268 NotebookApp] SSL Error on 8 ('66.240.192.138', 60864): [SSL: WRONG_VERSION_NUMBER] wrong version number (_ssl.c:590)
[W 09:58:39.095 NotebookApp] SSL Error on 8 ('80.82.78.38', 44707): [SSL: WRONG_VERSION_NUMBER] wrong version number (_ssl.c:590)
[I 12:07:57.233 NotebookApp] Saving file at /Yelp_Review_Rating_Prediction.ipynb
[W 12:07:57.233 NotebookApp] Saving untrusted notebook Yelp_Review_Rating_Prediction.ipynb
[I 12:09:55.242 NotebookApp] Saving file at /Yelp_Review_Rating_Prediction.ipynb
[W 12:09:55.243 NotebookApp] Saving untrusted notebook Yelp_Review_Rating_Prediction.ipynb
[I 12:11:27.608 NotebookApp] Kernel shutdown: 455844c5-6842-48f1-b4d1-540a79b3e0ad
[W 12:11:36.078 NotebookApp] Notebook Yelp_Review_Rating_Prediction.ipynb is not trusted
[I 12:11:39.870 NotebookApp] Kernel started: 4a0b0f9e-2d6d-4203-9df3-12fc279943ce
[I 12:13:40.780 NotebookApp] Saving file at /Yelp_Review_Rating_Prediction.ipynb
[W 12:13:40.780 NotebookApp] Saving untrusted notebook Yelp_Review_Rating_Prediction.ipynb
[I 12:15:39.716 NotebookApp] Saving file at /Yelp_Review_Rating_Prediction.ipynb
[W 12:15:39.717 NotebookApp] Saving untrusted notebook Yelp_Review_Rating_Prediction.ipynb
[I 12:17:39.817 NotebookApp] Saving file at /Yelp_Review_Rating_Prediction.ipynb
[W 12:17:39.818 NotebookApp] Saving untrusted notebook Yelp_Review_Rating_Prediction.ipynb
[I 12:19:41.057 NotebookApp] Saving file at /Yelp_Review_Rating_Prediction.ipynb
[W 12:19:41.057 NotebookApp] Saving untrusted notebook Yelp_Review_Rating_Prediction.ipynb
[I 12:21:40.791 NotebookApp] Saving file at /Yelp_Review_Rating_Prediction.ipynb
[W 12:21:40.792 NotebookApp] Saving untrusted notebook Yelp_Review_Rating_Prediction.ipynb
[I 12:23:39.581 NotebookApp] Saving file at /Yelp_Review_Rating_Prediction.ipynb
[W 12:23:39.581 NotebookApp] Saving untrusted notebook Yelp_Review_Rating_Prediction.ipynb
[I 12:27:34.431 NotebookApp] Kernel interrupted: d700b0f6-48a7-497b-8b99-44cc3c62ebc4
[I 12:27:58.404 NotebookApp] Kernel interrupted: 4a0b0f9e-2d6d-4203-9df3-12fc279943ce
[I 12:28:21.018 NotebookApp] Kernel shutdown: 4a0b0f9e-2d6d-4203-9df3-12fc279943ce
[W 12:28:32.338 NotebookApp] Notebook Yelp_Review_Rating_Prediction.ipynb is not trusted
[I 12:28:35.064 NotebookApp] Kernel started: 28b0ec3e-11f9-4b57-bad5-5e3a803556a1
[I 12:30:35.464 NotebookApp] Saving file at /Yelp_Review_Rating_Prediction.ipynb
[W 12:30:35.465 NotebookApp] Saving untrusted notebook Yelp_Review_Rating_Prediction.ipynb
[I 12:32:35.933 NotebookApp] Saving file at /Yelp_Review_Rating_Prediction.ipynb
[W 12:32:35.934 NotebookApp] Saving untrusted notebook Yelp_Review_Rating_Prediction.ipynb
[I 12:34:36.565 NotebookApp] Saving file at /Yelp_Review_Rating_Prediction.ipynb
[W 12:34:36.566 NotebookApp] Saving untrusted notebook Yelp_Review_Rating_Prediction.ipynb
[I 12:34:54.727 NotebookApp] Saving file at /Yelp_1000000_reviews_analysis.ipynb
[W 12:34:54.728 NotebookApp] Saving untrusted notebook Yelp_1000000_reviews_analysis.ipynb
[I 12:38:46.005 NotebookApp] Kernel interrupted: 28b0ec3e-11f9-4b57-bad5-5e3a803556a1
[I 12:38:56.313 NotebookApp] Kernel shutdown: 28b0ec3e-11f9-4b57-bad5-5e3a803556a1
[W 12:39:08.176 NotebookApp] Notebook Yelp_Review_Rating_Prediction.ipynb is not trusted
[I 12:39:11.941 NotebookApp] Kernel started: 59fe6722-1395-49ec-bbfa-9a3db5c3db38
[I 12:41:14.805 NotebookApp] Saving file at /Yelp_Review_Rating_Prediction.ipynb
[W 12:41:14.806 NotebookApp] Saving untrusted notebook Yelp_Review_Rating_Prediction.ipynb
[I 12:43:15.500 NotebookApp] Saving file at /Yelp_Review_Rating_Prediction.ipynb
[W 12:43:15.500 NotebookApp] Saving untrusted notebook Yelp_Review_Rating_Prediction.ipynb
[I 13:19:17.186 NotebookApp] Saving file at /Yelp_Review_Rating_Prediction.ipynb
[W 13:19:17.186 NotebookApp] Saving untrusted notebook Yelp_Review_Rating_Prediction.ipynb
[I 13:21:15.224 NotebookApp] Saving file at /Yelp_Review_Rating_Prediction.ipynb
[W 13:21:15.225 NotebookApp] Saving untrusted notebook Yelp_Review_Rating_Prediction.ipynb
[I 13:39:12.427 NotebookApp] Saving file at /Yelp_Review_Rating_Prediction.ipynb
[W 13:39:12.428 NotebookApp] Saving untrusted notebook Yelp_Review_Rating_Prediction.ipynb
[I 13:40:59.993 NotebookApp] Saving file at /Yelp_Review_Rating_Prediction.ipynb
[W 13:40:59.994 NotebookApp] Saving untrusted notebook Yelp_Review_Rating_Prediction.ipynb
[I 13:41:15.672 NotebookApp] Kernel shutdown: 59fe6722-1395-49ec-bbfa-9a3db5c3db38
[W 13:41:26.776 NotebookApp] Notebook Yelp_Review_Rating_Prediction.ipynb is not trusted
[I 13:41:30.421 NotebookApp] Kernel started: aa8ba3aa-4599-4f55-ab68-a2da90c34f9e
[I 13:43:33.857 NotebookApp] Saving file at /Yelp_Review_Rating_Prediction.ipynb
[W 13:43:33.858 NotebookApp] Saving untrusted notebook Yelp_Review_Rating_Prediction.ipynb
[I 13:45:33.403 NotebookApp] Saving file at /Yelp_Review_Rating_Prediction.ipynb
[W 13:45:33.404 NotebookApp] Saving untrusted notebook Yelp_Review_Rating_Prediction.ipynb
[I 14:41:31.970 NotebookApp] Saving file at /Yelp_Review_Rating_Prediction.ipynb
[W 14:41:31.970 NotebookApp] Saving untrusted notebook Yelp_Review_Rating_Prediction.ipynb
[I 14:51:33.056 NotebookApp] Saving file at /Yelp_Review_Rating_Prediction.ipynb
[W 14:51:33.057 NotebookApp] Saving untrusted notebook Yelp_Review_Rating_Prediction.ipynb
[I 14:53:30.711 NotebookApp] Saving file at /Yelp_Review_Rating_Prediction.ipynb
[W 14:53:30.712 NotebookApp] Saving untrusted notebook Yelp_Review_Rating_Prediction.ipynb
[I 14:53:59.428 NotebookApp] Saving file at /Yelp_1000000_reviews_analysis.ipynb
[W 14:53:59.428 NotebookApp] Saving untrusted notebook Yelp_1000000_reviews_analysis.ipynb
[I 14:54:04.701 NotebookApp] Saving file at /Yelp_Review_Rating_Prediction.ipynb
[W 14:54:04.702 NotebookApp] Saving untrusted notebook Yelp_Review_Rating_Prediction.ipynb
[I 16:51:32.522 NotebookApp] Saving file at /Yelp_Review_Rating_Prediction.ipynb
[W 16:51:32.523 NotebookApp] Saving untrusted notebook Yelp_Review_Rating_Prediction.ipynb
[I 16:53:32.980 NotebookApp] Saving file at /Yelp_Review_Rating_Prediction.ipynb
[W 16:53:32.981 NotebookApp] Saving untrusted notebook Yelp_Review_Rating_Prediction.ipynb
[I 16:57:31.047 NotebookApp] Saving file at /Yelp_Review_Rating_Prediction.ipynb
[W 16:57:31.048 NotebookApp] Saving untrusted notebook Yelp_Review_Rating_Prediction.ipynb
[I 17:01:31.602 NotebookApp] Saving file at /Yelp_Review_Rating_Prediction.ipynb
[W 17:01:31.603 NotebookApp] Saving untrusted notebook Yelp_Review_Rating_Prediction.ipynb
[I 17:03:31.339 NotebookApp] Saving file at /Yelp_Review_Rating_Prediction.ipynb
[W 17:03:31.340 NotebookApp] Saving untrusted notebook Yelp_Review_Rating_Prediction.ipynb
[I 17:05:30.684 NotebookApp] Saving file at /Yelp_Review_Rating_Prediction.ipynb
[W 17:05:30.685 NotebookApp] Saving untrusted notebook Yelp_Review_Rating_Prediction.ipynb
[I 17:07:31.059 NotebookApp] Saving file at /Yelp_Review_Rating_Prediction.ipynb
[W 17:07:31.060 NotebookApp] Saving untrusted notebook Yelp_Review_Rating_Prediction.ipynb
[I 17:09:30.695 NotebookApp] Saving file at /Yelp_Review_Rating_Prediction.ipynb
[W 17:09:30.696 NotebookApp] Saving untrusted notebook Yelp_Review_Rating_Prediction.ipynb
[I 17:11:30.777 NotebookApp] Saving file at /Yelp_Review_Rating_Prediction.ipynb
[W 17:11:30.778 NotebookApp] Saving untrusted notebook Yelp_Review_Rating_Prediction.ipynb
[I 17:13:31.157 NotebookApp] Saving file at /Yelp_Review_Rating_Prediction.ipynb
[W 17:13:31.158 NotebookApp] Saving untrusted notebook Yelp_Review_Rating_Prediction.ipynb
[I 17:15:31.274 NotebookApp] Saving file at /Yelp_Review_Rating_Prediction.ipynb
[W 17:15:31.275 NotebookApp] Saving untrusted notebook Yelp_Review_Rating_Prediction.ipynb
[I 17:17:31.276 NotebookApp] Saving file at /Yelp_Review_Rating_Prediction.ipynb
[W 17:17:31.277 NotebookApp] Saving untrusted notebook Yelp_Review_Rating_Prediction.ipynb
[I 17:19:31.576 NotebookApp] Saving file at /Yelp_Review_Rating_Prediction.ipynb
[W 17:19:31.578 NotebookApp] Saving untrusted notebook Yelp_Review_Rating_Prediction.ipynb
[I 17:19:38.885 NotebookApp] Saving file at /Yelp_Review_Rating_Prediction.ipynb
[W 17:19:38.886 NotebookApp] Saving untrusted notebook Yelp_Review_Rating_Prediction.ipynb
[I 17:20:57.057 NotebookApp] Kernel shutdown: d700b0f6-48a7-497b-8b99-44cc3c62ebc4
[W 17:21:05.060 NotebookApp] Notebook Yelp_1000000_reviews_analysis.ipynb is not trusted
[I 17:21:07.515 NotebookApp] Kernel started: 9a0852f2-219e-466c-9629-866d49cefa26
[I 17:21:32.591 NotebookApp] Saving file at /Yelp_Review_Rating_Prediction.ipynb
[W 17:21:32.592 NotebookApp] Saving untrusted notebook Yelp_Review_Rating_Prediction.ipynb
[I 17:22:41.573 NotebookApp] Saving file at /Yelp_1000000_reviews_analysis.ipynb
[W 17:22:41.574 NotebookApp] Saving untrusted notebook Yelp_1000000_reviews_analysis.ipynb
[I 17:23:00.976 NotebookApp] Saving file at /Yelp_1000000_reviews_analysis.ipynb
[W 17:23:00.977 NotebookApp] Saving untrusted notebook Yelp_1000000_reviews_analysis.ipynb
[I 17:23:05.834 NotebookApp] Kernel shutdown: 9a0852f2-219e-466c-9629-866d49cefa26
[I 17:23:19.139 NotebookApp] Kernel shutdown: aa8ba3aa-4599-4f55-ab68-a2da90c34f9e
[W 17:23:26.621 NotebookApp] Notebook Yelp_Review_Rating_Prediction.ipynb is not trusted
[I 17:23:33.367 NotebookApp] Kernel started: 4415e097-4b3c-4569-867f-79b08ca4a9c5
[I 17:25:53.241 NotebookApp] Saving file at /Yelp_Review_Rating_Prediction.ipynb
[W 17:25:53.242 NotebookApp] Saving untrusted notebook Yelp_Review_Rating_Prediction.ipynb
[I 17:29:19.509 NotebookApp] Saving file at /Yelp_Review_Rating_Prediction.ipynb
[W 17:29:19.510 NotebookApp] Saving untrusted notebook Yelp_Review_Rating_Prediction.ipynb
[W 18:43:27.513 NotebookApp] Notebook Yelp_1000000_reviews_analysis.ipynb is not trusted
[I 18:43:29.187 NotebookApp] Kernel started: 8c60e709-e412-4c22-aa4d-ce8653b0d22f
[I 18:45:30.436 NotebookApp] Saving file at /Yelp_1000000_reviews_analysis.ipynb
[W 18:45:30.436 NotebookApp] Saving untrusted notebook Yelp_1000000_reviews_analysis.ipynb
[I 18:47:30.541 NotebookApp] Saving file at /Yelp_1000000_reviews_analysis.ipynb
[W 18:47:30.542 NotebookApp] Saving untrusted notebook Yelp_1000000_reviews_analysis.ipynb
[I 18:49:29.708 NotebookApp] Saving file at /Yelp_1000000_reviews_analysis.ipynb
[W 18:49:29.709 NotebookApp] Saving untrusted notebook Yelp_1000000_reviews_analysis.ipynb
[I 18:50:14.912 NotebookApp] Kernel started: 201114dd-bd35-41db-8cb6-4d9983b55df7
[I 19:05:07.492 NotebookApp] Kernel shutdown: 8c60e709-e412-4c22-aa4d-ce8653b0d22f
[W 19:05:24.136 NotebookApp] Notebook Yelp_1000000_reviews_analysis.ipynb is not trusted
[I 19:05:26.733 NotebookApp] Kernel started: 26c19e2b-806d-4096-86f4-0d412a6dffef
[I 19:07:30.675 NotebookApp] Saving file at /Yelp_1000000_reviews_analysis.ipynb
[W 19:07:30.676 NotebookApp] Saving untrusted notebook Yelp_1000000_reviews_analysis.ipynb
[I 19:09:29.699 NotebookApp] Saving file at /Yelp_1000000_reviews_analysis.ipynb
[W 19:09:29.700 NotebookApp] Saving untrusted notebook Yelp_1000000_reviews_analysis.ipynb
[I 19:11:25.749 NotebookApp] Saving file at /Yelp_1000000_reviews_analysis.ipynb
[W 19:11:25.750 NotebookApp] Saving untrusted notebook Yelp_1000000_reviews_analysis.ipynb
[I 19:13:29.254 NotebookApp] Saving file at /Yelp_1000000_reviews_analysis.ipynb
[W 19:13:29.255 NotebookApp] Saving untrusted notebook Yelp_1000000_reviews_analysis.ipynb
[I 19:15:28.511 NotebookApp] Saving file at /Yelp_1000000_reviews_analysis.ipynb
[W 19:15:28.511 NotebookApp] Saving untrusted notebook Yelp_1000000_reviews_analysis.ipynb
[I 19:16:03.642 NotebookApp] Saving file at /Yelp_Review_Rating_Prediction.ipynb
[W 19:16:03.643 NotebookApp] Saving untrusted notebook Yelp_Review_Rating_Prediction.ipynb
[I 19:17:31.797 NotebookApp] Saving file at /Yelp_1000000_reviews_analysis.ipynb
[W 19:17:31.797 NotebookApp] Saving untrusted notebook Yelp_1000000_reviews_analysis.ipynb
[I 19:19:25.772 NotebookApp] Saving file at /Yelp_Review_Rating_Prediction.ipynb
[W 19:19:25.773 NotebookApp] Saving untrusted notebook Yelp_Review_Rating_Prediction.ipynb
[I 19:19:32.922 NotebookApp] Saving file at /Yelp_1000000_reviews_analysis.ipynb
[W 19:19:32.923 NotebookApp] Saving untrusted notebook Yelp_1000000_reviews_analysis.ipynb
[I 19:21:31.925 NotebookApp] Saving file at /Yelp_1000000_reviews_analysis.ipynb
[W 19:21:31.926 NotebookApp] Saving untrusted notebook Yelp_1000000_reviews_analysis.ipynb
[I 19:22:46.201 NotebookApp] Saving file at /Yelp_Review_Rating_Prediction.ipynb
[W 19:22:46.202 NotebookApp] Saving untrusted notebook Yelp_Review_Rating_Prediction.ipynb
[I 19:23:31.739 NotebookApp] Saving file at /Yelp_1000000_reviews_analysis.ipynb
[W 19:23:31.739 NotebookApp] Saving untrusted notebook Yelp_1000000_reviews_analysis.ipynb
[I 19:25:32.614 NotebookApp] Saving file at /Yelp_1000000_reviews_analysis.ipynb
[W 19:25:32.615 NotebookApp] Saving untrusted notebook Yelp_1000000_reviews_analysis.ipynb
[I 19:26:06.872 NotebookApp] Saving file at /Yelp_Review_Rating_Prediction.ipynb
[W 19:26:06.873 NotebookApp] Saving untrusted notebook Yelp_Review_Rating_Prediction.ipynb
[I 19:29:28.424 NotebookApp] Saving file at /Yelp_Review_Rating_Prediction.ipynb
[W 19:29:28.425 NotebookApp] Saving untrusted notebook Yelp_Review_Rating_Prediction.ipynb
[I 19:31:35.340 NotebookApp] Saving file at /Yelp_1000000_reviews_analysis.ipynb
[W 19:31:35.341 NotebookApp] Saving untrusted notebook Yelp_1000000_reviews_analysis.ipynb
[I 19:32:49.089 NotebookApp] Saving file at /Yelp_Review_Rating_Prediction.ipynb
[W 19:32:49.090 NotebookApp] Saving untrusted notebook Yelp_Review_Rating_Prediction.ipynb
[I 19:33:27.418 NotebookApp] Saving file at /Yelp_1000000_reviews_analysis.ipynb
[W 19:33:27.419 NotebookApp] Saving untrusted notebook Yelp_1000000_reviews_analysis.ipynb
[I 19:35:59.783 NotebookApp] Saving file at /Yelp_Review_Rating_Prediction.ipynb
[W 19:35:59.784 NotebookApp] Saving untrusted notebook Yelp_Review_Rating_Prediction.ipynb
[I 19:37:29.515 NotebookApp] Saving file at /Yelp_1000000_reviews_analysis.ipynb
[W 19:37:29.516 NotebookApp] Saving untrusted notebook Yelp_1000000_reviews_analysis.ipynb
[I 19:39:26.238 NotebookApp] Saving file at /Yelp_1000000_reviews_analysis.ipynb
[W 19:39:26.239 NotebookApp] Saving untrusted notebook Yelp_1000000_reviews_analysis.ipynb
[I 19:41:28.080 NotebookApp] Saving file at /Yelp_1000000_reviews_analysis.ipynb
[W 19:41:28.081 NotebookApp] Saving untrusted notebook Yelp_1000000_reviews_analysis.ipynb
[I 19:42:38.501 NotebookApp] Saving file at /Yelp_Review_Rating_Prediction.ipynb
[W 19:42:38.502 NotebookApp] Saving untrusted notebook Yelp_Review_Rating_Prediction.ipynb
[W 19:49:21.536 NotebookApp] SSL Error on 8 ('93.174.93.218', 46167): [SSL: WRONG_VERSION_NUMBER] wrong version number (_ssl.c:590)
[W 19:49:27.946 NotebookApp] SSL Error on 12 ('93.174.93.218', 32989): [SSL: WRONG_VERSION_NUMBER] wrong version number (_ssl.c:590)
[I 19:49:32.053 NotebookApp] Saving file at /Yelp_1000000_reviews_analysis.ipynb
[W 19:49:32.054 NotebookApp] Saving untrusted notebook Yelp_1000000_reviews_analysis.ipynb
[W 19:49:35.353 NotebookApp] SSL Error on 12 ('93.174.93.218', 49527): [SSL: WRONG_VERSION_NUMBER] wrong version number (_ssl.c:590)
[I 19:52:39.586 NotebookApp] Saving file at /Yelp_Review_Rating_Prediction.ipynb
[W 19:52:39.587 NotebookApp] Saving untrusted notebook Yelp_Review_Rating_Prediction.ipynb
[I 19:53:28.533 NotebookApp] Saving file at /Yelp_1000000_reviews_analysis.ipynb
[W 19:53:28.534 NotebookApp] Saving untrusted notebook Yelp_1000000_reviews_analysis.ipynb
[I 19:55:25.581 NotebookApp] Saving file at /Yelp_1000000_reviews_analysis.ipynb
[W 19:55:25.582 NotebookApp] Saving untrusted notebook Yelp_1000000_reviews_analysis.ipynb
[I 19:55:54.824 NotebookApp] Saving file at /Yelp_Review_Rating_Prediction.ipynb
[W 19:55:54.825 NotebookApp] Saving untrusted notebook Yelp_Review_Rating_Prediction.ipynb
[I 19:57:29.035 NotebookApp] Saving file at /Yelp_1000000_reviews_analysis.ipynb
[W 19:57:29.036 NotebookApp] Saving untrusted notebook Yelp_1000000_reviews_analysis.ipynb
[I 19:59:15.850 NotebookApp] Saving file at /Yelp_Review_Rating_Prediction.ipynb
[W 19:59:15.853 NotebookApp] Saving untrusted notebook Yelp_Review_Rating_Prediction.ipynb
[I 19:59:28.038 NotebookApp] Kernel started: 3828a272-36ec-4aa0-954a-f6a80e4f921d
[I 20:01:28.239 NotebookApp] Saving file at /Yelp_Logstic_Regression_all.ipynb
[I 20:01:41.697 NotebookApp] Kernel shutdown: 3828a272-36ec-4aa0-954a-f6a80e4f921d
[I 20:01:46.655 NotebookApp] Kernel started: 58e13c9f-b3b2-4f6a-80d9-d737654c1626
[I 20:03:47.426 NotebookApp] Saving file at /Yelp_Logstic_Regression_all.ipynb
[I 20:12:37.381 NotebookApp] Saving file at /Yelp_Review_Rating_Prediction.ipynb
[W 20:12:37.384 NotebookApp] Saving untrusted notebook Yelp_Review_Rating_Prediction.ipynb
[I 20:17:49.729 NotebookApp] Saving file at /Yelp_Logstic_Regression_all.ipynb
[I 20:21:47.423 NotebookApp] Saving file at /Yelp_Logstic_Regression_all.ipynb
[I 20:35:57.559 NotebookApp] Saving file at /Yelp_Review_Rating_Prediction.ipynb
[W 20:35:57.561 NotebookApp] Saving untrusted notebook Yelp_Review_Rating_Prediction.ipynb
[I 20:49:17.093 NotebookApp] Saving file at /Yelp_Review_Rating_Prediction.ipynb
[W 20:49:17.094 NotebookApp] Saving untrusted notebook Yelp_Review_Rating_Prediction.ipynb
[I 20:51:47.481 NotebookApp] Saving file at /Yelp_Logstic_Regression_all.ipynb
[I 20:59:18.151 NotebookApp] Saving file at /Yelp_Review_Rating_Prediction.ipynb
[W 20:59:18.153 NotebookApp] Saving untrusted notebook Yelp_Review_Rating_Prediction.ipynb
[I 21:02:34.162 NotebookApp] Saving file at /Yelp_Review_Rating_Prediction.ipynb
[W 21:02:34.163 NotebookApp] Saving untrusted notebook Yelp_Review_Rating_Prediction.ipynb
[I 21:05:28.144 NotebookApp] Saving file at /Yelp_1000000_reviews_analysis.ipynb
[W 21:05:28.144 NotebookApp] Saving untrusted notebook Yelp_1000000_reviews_analysis.ipynb
[I 21:05:57.594 NotebookApp] Saving file at /Yelp_Review_Rating_Prediction.ipynb
[W 21:05:57.595 NotebookApp] Saving untrusted notebook Yelp_Review_Rating_Prediction.ipynb
[I 21:07:25.475 NotebookApp] Saving file at /Yelp_1000000_reviews_analysis.ipynb
[W 21:07:25.476 NotebookApp] Saving untrusted notebook Yelp_1000000_reviews_analysis.ipynb
[I 21:15:33.747 NotebookApp] Saving file at /Yelp_1000000_reviews_analysis.ipynb
[W 21:15:33.747 NotebookApp] Saving untrusted notebook Yelp_1000000_reviews_analysis.ipynb
[I 21:15:55.447 NotebookApp] Saving file at /Yelp_Review_Rating_Prediction.ipynb
[W 21:15:55.448 NotebookApp] Saving untrusted notebook Yelp_Review_Rating_Prediction.ipynb
[I 21:22:37.501 NotebookApp] Saving file at /Yelp_Review_Rating_Prediction.ipynb
[W 21:22:37.502 NotebookApp] Saving untrusted notebook Yelp_Review_Rating_Prediction.ipynb
[I 21:25:26.828 NotebookApp] Saving file at /Yelp_1000000_reviews_analysis.ipynb
[W 21:25:26.829 NotebookApp] Saving untrusted notebook Yelp_1000000_reviews_analysis.ipynb
[I 21:25:56.052 NotebookApp] Saving file at /Yelp_Review_Rating_Prediction.ipynb
[W 21:25:56.053 NotebookApp] Saving untrusted notebook Yelp_Review_Rating_Prediction.ipynb
[I 21:27:27.753 NotebookApp] Saving file at /Yelp_1000000_reviews_analysis.ipynb
[W 21:27:27.754 NotebookApp] Saving untrusted notebook Yelp_1000000_reviews_analysis.ipynb
[I 21:47:27.457 NotebookApp] Saving file at /Yelp_1000000_reviews_analysis.ipynb
[W 21:47:27.458 NotebookApp] Saving untrusted notebook Yelp_1000000_reviews_analysis.ipynb
[I 00:25:28.646 NotebookApp] Saving file at /Yelp_1000000_reviews_analysis.ipynb
[W 00:25:28.647 NotebookApp] Saving untrusted notebook Yelp_1000000_reviews_analysis.ipynb
[I 00:26:02.255 NotebookApp] Saving file at /Yelp_1000000_reviews_analysis.ipynb
[W 00:26:02.255 NotebookApp] Saving untrusted notebook Yelp_1000000_reviews_analysis.ipynb
[I 00:32:34.432 NotebookApp] Saving file at /Yelp_Review_Rating_Prediction.ipynb
[W 00:32:34.433 NotebookApp] Saving untrusted notebook Yelp_Review_Rating_Prediction.ipynb
[W 00:33:49.405 NotebookApp] Notebook Yelp_50000_reviews_analysis.ipynb is not trusted
[I 00:33:52.755 NotebookApp] Kernel started: cef23c84-3bc5-47ee-8e1f-1f857fc366ee
[I 00:39:17.029 NotebookApp] Saving file at /Yelp_Review_Rating_Prediction.ipynb
[W 00:39:17.030 NotebookApp] Saving untrusted notebook Yelp_Review_Rating_Prediction.ipynb
[I 00:42:36.308 NotebookApp] Saving file at /Yelp_Review_Rating_Prediction.ipynb
[W 00:42:36.309 NotebookApp] Saving untrusted notebook Yelp_Review_Rating_Prediction.ipynb
[I 00:45:57.932 NotebookApp] Saving file at /Yelp_Review_Rating_Prediction.ipynb
[W 00:45:57.934 NotebookApp] Saving untrusted notebook Yelp_Review_Rating_Prediction.ipynb
[I 00:49:15.504 NotebookApp] Saving file at /Yelp_Review_Rating_Prediction.ipynb
[W 00:49:15.505 NotebookApp] Saving untrusted notebook Yelp_Review_Rating_Prediction.ipynb
[I 03:02:25.127 NotebookApp] Saving file at /Yelp_Logistic_Regression_all.ipynb
[I 03:02:34.731 NotebookApp] Saving file at /Yelp_1000000_reviews_analysis.ipynb
[W 03:02:34.732 NotebookApp] Saving untrusted notebook Yelp_1000000_reviews_analysis.ipynb
[I 03:02:45.363 NotebookApp] Saving file at /Yelp_Review_Rating_Prediction.ipynb
[W 03:02:45.364 NotebookApp] Saving untrusted notebook Yelp_Review_Rating_Prediction.ipynb
